07:33 - array(121) {
  [0]=>
  object(Showcase\Models\Section)#1611 (9) {
    ["migration"]=>
    string(7) "Section"
    ["idDetails":protected]=>
    array(1) {
      ["name"]=>
      string(2) "id"
    }
    ["db":protected]=>
    NULL
    ["variables"]=>
    array(0) {
    }
    ["id"]=>
    string(0) ""
    ["title"]=>
    string(28) "dbo.s_MergeUpdateBatchStatus"
    ["text"]=>
    string(0) ""
    ["created_at"]=>
    string(0) ""
    ["updated_at"]=>
    string(0) ""
  }
  [1]=>
  object(Showcase\Models\Section)#1609 (9) {
    ["migration"]=>
    string(7) "Section"
    ["idDetails":protected]=>
    array(1) {
      ["name"]=>
      string(2) "id"
    }
    ["db":protected]=>
    NULL
    ["variables"]=>
    array(0) {
    }
    ["id"]=>
    string(0) ""
    ["title"]=>
    string(30) "dbo.s_CreateColumnCalculations"
    ["text"]=>
    string(0) ""
    ["created_at"]=>
    string(0) ""
    ["updated_at"]=>
    string(0) ""
  }
  [2]=>
  object(Showcase\Models\Section)#1610 (9) {
    ["migration"]=>
    string(7) "Section"
    ["idDetails":protected]=>
    array(1) {
      ["name"]=>
      string(2) "id"
    }
    ["db":protected]=>
    NULL
    ["variables"]=>
    array(0) {
    }
    ["id"]=>
    string(0) ""
    ["title"]=>
    string(21) "dbo.s_CreateRuleGroup"
    ["text"]=>
    string(0) ""
    ["created_at"]=>
    string(0) ""
    ["updated_at"]=>
    string(0) ""
  }
  [3]=>
  object(Showcase\Models\Section)#1613 (9) {
    ["migration"]=>
    string(7) "Section"
    ["idDetails":protected]=>
    array(1) {
      ["name"]=>
      string(2) "id"
    }
    ["db":protected]=>
    NULL
    ["variables"]=>
    array(0) {
    }
    ["id"]=>
    string(0) ""
    ["title"]=>
    string(25) "dbo.s_PopulateAuditCounts"
    ["text"]=>
    string(0) ""
    ["created_at"]=>
    string(0) ""
    ["updated_at"]=>
    string(0) ""
  }
  [4]=>
  object(Showcase\Models\Section)#1614 (9) {
    ["migration"]=>
    string(7) "Section"
    ["idDetails":protected]=>
    array(1) {
      ["name"]=>
      string(2) "id"
    }
    ["db":protected]=>
    NULL
    ["variables"]=>
    array(0) {
    }
    ["id"]=>
    string(0) ""
    ["title"]=>
    string(89) "dbo.s_ColumnStoreIndex_Defragmentation                                                   "
    ["text"]=>
    string(0) ""
    ["created_at"]=>
    string(0) ""
    ["updated_at"]=>
    string(0) ""
  }
  [5]=>
  object(Showcase\Models\Section)#1615 (9) {
    ["migration"]=>
    string(7) "Section"
    ["idDetails":protected]=>
    array(1) {
      ["name"]=>
      string(2) "id"
    }
    ["db":protected]=>
    NULL
    ["variables"]=>
    array(0) {
    }
    ["id"]=>
    string(0) ""
    ["title"]=>
    string(28) "dbo.s_SetBatchStatusFinished"
    ["text"]=>
    string(0) ""
    ["created_at"]=>
    string(0) ""
    ["updated_at"]=>
    string(0) ""
  }
  [6]=>
  object(Showcase\Models\Chapter)#1617 (9) {
    ["migration"]=>
    string(7) "Chapter"
    ["idDetails":protected]=>
    array(1) {
      ["name"]=>
      string(2) "id"
    }
    ["db":protected]=>
    NULL
    ["variables"]=>
    array(0) {
    }
    ["id"]=>
    string(0) ""
    ["text"]=>
    string(101) "The Analytics ETL&#160;agent job executes the following stored procedures in the InsightETL database."
    ["section_title"]=>
    string(28) "dbo.s_SetBatchStatusFinished"
    ["created_at"]=>
    string(0) ""
    ["updated_at"]=>
    string(0) ""
  }
  [7]=>
  object(Showcase\Models\Chapter)#1616 (9) {
    ["migration"]=>
    string(7) "Chapter"
    ["idDetails":protected]=>
    array(1) {
      ["name"]=>
      string(2) "id"
    }
    ["db":protected]=>
    NULL
    ["variables"]=>
    array(0) {
    }
    ["id"]=>
    string(0) ""
    ["text"]=>
    string(170) "This stored procedure, executed at the beginning of Analytics ETL, creates a new batch in the Batch table and will perform in-place updates to the involved Batch records."
    ["section_title"]=>
    string(28) "dbo.s_SetBatchStatusFinished"
    ["created_at"]=>
    string(0) ""
    ["updated_at"]=>
    string(0) ""
  }
  [8]=>
  object(Showcase\Models\Chapter)#3 (9) {
    ["migration"]=>
    string(7) "Chapter"
    ["idDetails":protected]=>
    array(1) {
      ["name"]=>
      string(2) "id"
    }
    ["db":protected]=>
    NULL
    ["variables"]=>
    array(0) {
    }
    ["id"]=>
    string(0) ""
    ["text"]=>
    string(554) "This stored procedure reads the content of the AttributeCalculations table in InsightETL and, based on the Split, Calculations and Datasets definitions, it creates new columns in the target tables. In Analytics ETL, this stored procedure is directly executed twice, first on the tables imported in the InsightImport database and then on the tables imported into InsightSource. Furthermore, this stored procedure is internally called by the s_InsightStaging_Update stored procedure when Analytics ETL reaches its core steps in the InsightStaging database."
    ["section_title"]=>
    string(28) "dbo.s_SetBatchStatusFinished"
    ["created_at"]=>
    string(0) ""
    ["updated_at"]=>
    string(0) ""
  }
  [9]=>
  object(Showcase\Models\Chapter)#1619 (9) {
    ["migration"]=>
    string(7) "Chapter"
    ["idDetails":protected]=>
    array(1) {
      ["name"]=>
      string(2) "id"
    }
    ["db":protected]=>
    NULL
    ["variables"]=>
    array(0) {
    }
    ["id"]=>
    string(0) ""
    ["text"]=>
    string(582) "This stored procedure applies business rules designed through the Rules Engine functionalities of InsightETL on a specific database whose name is specified as input parameter. In Analytics ETL, this stored procedure is directly executed three times, first on the tables imported in the InsightImport database, then on the tables loaded in InsightImport and then on the tables imported into InsightSource. Furthermore, this stored procedure is internally called by the s_InsightStaging_Update stored procedure when Analytics ETL reaches its core steps in the InsightStaging database."
    ["section_title"]=>
    string(28) "dbo.s_SetBatchStatusFinished"
    ["created_at"]=>
    string(0) ""
    ["updated_at"]=>
    string(0) ""
  }
  [10]=>
  object(Showcase\Models\Chapter)#1620 (9) {
    ["migration"]=>
    string(7) "Chapter"
    ["idDetails":protected]=>
    array(1) {
      ["name"]=>
      string(2) "id"
    }
    ["db":protected]=>
    NULL
    ["variables"]=>
    array(0) {
    }
    ["id"]=>
    string(0) ""
    ["text"]=>
    string(322) "This stored procedure performs a count of the records processed within each database involved in ETL processing. It is executed several times during ETL for records count reconciliation between source and target databased. The results of these calculations are stored in the dbo.TableRowCountAudit log table in InsightETL."
    ["section_title"]=>
    string(28) "dbo.s_SetBatchStatusFinished"
    ["created_at"]=>
    string(0) ""
    ["updated_at"]=>
    string(0) ""
  }
  [11]=>
  object(Showcase\Models\Chapter)#1621 (9) {
    ["migration"]=>
    string(7) "Chapter"
    ["idDetails":protected]=>
    array(1) {
      ["name"]=>
      string(2) "id"
    }
    ["db":protected]=>
    NULL
    ["variables"]=>
    array(0) {
    }
    ["id"]=>
    string(0) ""
    ["text"]=>
    string(409) "Forces all of the rowgroups into the columnstore and then to combine the rowgroups into fewer rowgroups with more rows. The ALTER INDEX REORGANIZE online operation also removes rows that have been marked as deleted from the columnstore index tables. During Analytics ETL, this stored procedure is executed twice for maintence reasons, first within the InsightLanding database and then in the InsightWarehouse."
    ["section_title"]=>
    string(28) "dbo.s_SetBatchStatusFinished"
    ["created_at"]=>
    string(0) ""
    ["updated_at"]=>
    string(0) ""
  }
  [12]=>
  object(Showcase\Models\Chapter)#1622 (9) {
    ["migration"]=>
    string(7) "Chapter"
    ["idDetails":protected]=>
    array(1) {
      ["name"]=>
      string(2) "id"
    }
    ["db":protected]=>
    NULL
    ["variables"]=>
    array(0) {
    }
    ["id"]=>
    string(0) ""
    ["text"]=>
    string(8) "Example:"
    ["section_title"]=>
    string(28) "dbo.s_SetBatchStatusFinished"
    ["created_at"]=>
    string(0) ""
    ["updated_at"]=>
    string(0) ""
  }
  [13]=>
  object(Showcase\Models\Chapter)#1623 (9) {
    ["migration"]=>
    string(7) "Chapter"
    ["idDetails":protected]=>
    array(1) {
      ["name"]=>
      string(2) "id"
    }
    ["db":protected]=>
    NULL
    ["variables"]=>
    array(0) {
    }
    ["id"]=>
    string(0) ""
    ["text"]=>
    string(53) "EXEC&#160; [dbo].[s_ColumnStoreIndex_Defragmentation]"
    ["section_title"]=>
    string(28) "dbo.s_SetBatchStatusFinished"
    ["created_at"]=>
    string(0) ""
    ["updated_at"]=>
    string(0) ""
  }
  [14]=>
  object(Showcase\Models\Chapter)#1624 (9) {
    ["migration"]=>
    string(7) "Chapter"
    ["idDetails":protected]=>
    array(1) {
      ["name"]=>
      string(2) "id"
    }
    ["db":protected]=>
    NULL
    ["variables"]=>
    array(0) {
    }
    ["id"]=>
    string(0) ""
    ["text"]=>
    string(58) "&#160;&#160;&#160;&#160;@DatabaseName = N'InsightLanding',"
    ["section_title"]=>
    string(28) "dbo.s_SetBatchStatusFinished"
    ["created_at"]=>
    string(0) ""
    ["updated_at"]=>
    string(0) ""
  }
  [15]=>
  object(Showcase\Models\Chapter)#1625 (9) {
    ["migration"]=>
    string(7) "Chapter"
    ["idDetails":protected]=>
    array(1) {
      ["name"]=>
      string(2) "id"
    }
    ["db":protected]=>
    NULL
    ["variables"]=>
    array(0) {
    }
    ["id"]=>
    string(0) ""
    ["text"]=>
    string(56) "&#160;&#160;&#160;&#160;@CompressRowGroupsWhenGT = 5000,"
    ["section_title"]=>
    string(28) "dbo.s_SetBatchStatusFinished"
    ["created_at"]=>
    string(0) ""
    ["updated_at"]=>
    string(0) ""
  }
  [16]=>
  object(Showcase\Models\Chapter)#1626 (9) {
    ["migration"]=>
    string(7) "Chapter"
    ["idDetails":protected]=>
    array(1) {
      ["name"]=>
      string(2) "id"
    }
    ["db":protected]=>
    NULL
    ["variables"]=>
    array(0) {
    }
    ["id"]=>
    string(0) ""
    ["text"]=>
    string(55) "&#160;&#160;&#160;&#160;@MergeRowGroupsWhenLT = 150000,"
    ["section_title"]=>
    string(28) "dbo.s_SetBatchStatusFinished"
    ["created_at"]=>
    string(0) ""
    ["updated_at"]=>
    string(0) ""
  }
  [17]=>
  object(Showcase\Models\Chapter)#1627 (9) {
    ["migration"]=>
    string(7) "Chapter"
    ["idDetails":protected]=>
    array(1) {
      ["name"]=>
      string(2) "id"
    }
    ["db":protected]=>
    NULL
    ["variables"]=>
    array(0) {
    }
    ["id"]=>
    string(0) ""
    ["text"]=>
    string(56) "&#160;&#160;&#160;&#160;@DeletedTotalRowPercentage = 10,"
    ["section_title"]=>
    string(28) "dbo.s_SetBatchStatusFinished"
    ["created_at"]=>
    string(0) ""
    ["updated_at"]=>
    string(0) ""
  }
  [18]=>
  object(Showcase\Models\Chapter)#1628 (9) {
    ["migration"]=>
    string(7) "Chapter"
    ["idDetails":protected]=>
    array(1) {
      ["name"]=>
      string(2) "id"
    }
    ["db":protected]=>
    NULL
    ["variables"]=>
    array(0) {
    }
    ["id"]=>
    string(0) ""
    ["text"]=>
    string(59) "&#160;&#160;&#160;&#160;@DeletedSegmentsRowPercentage = 20,"
    ["section_title"]=>
    string(28) "dbo.s_SetBatchStatusFinished"
    ["created_at"]=>
    string(0) ""
    ["updated_at"]=>
    string(0) ""
  }
  [19]=>
  object(Showcase\Models\Chapter)#1629 (9) {
    ["migration"]=>
    string(7) "Chapter"
    ["idDetails":protected]=>
    array(1) {
      ["name"]=>
      string(2) "id"
    }
    ["db":protected]=>
    NULL
    ["variables"]=>
    array(0) {
    }
    ["id"]=>
    string(0) ""
    ["text"]=>
    string(50) "&#160;&#160;&#160;&#160;@EmptySegmentsAllowed = 0,"
    ["section_title"]=>
    string(28) "dbo.s_SetBatchStatusFinished"
    ["created_at"]=>
    string(0) ""
    ["updated_at"]=>
    string(0) ""
  }
  [20]=>
  object(Showcase\Models\Chapter)#1630 (9) {
    ["migration"]=>
    string(7) "Chapter"
    ["idDetails":protected]=>
    array(1) {
      ["name"]=>
      string(2) "id"
    }
    ["db":protected]=>
    NULL
    ["variables"]=>
    array(0) {
    }
    ["id"]=>
    string(0) ""
    ["text"]=>
    string(47) "&#160;&#160;&#160;&#160;@ExecOrPrint = N'EXEC',"
    ["section_title"]=>
    string(28) "dbo.s_SetBatchStatusFinished"
    ["created_at"]=>
    string(0) ""
    ["updated_at"]=>
    string(0) ""
  }
  [21]=>
  object(Showcase\Models\Chapter)#1631 (9) {
    ["migration"]=>
    string(7) "Chapter"
    ["idDetails":protected]=>
    array(1) {
      ["name"]=>
      string(2) "id"
    }
    ["db":protected]=>
    NULL
    ["variables"]=>
    array(0) {
    }
    ["id"]=>
    string(0) ""
    ["text"]=>
    string(40) "&#160;&#160;&#160;&#160;@BatchNum = null"
    ["section_title"]=>
    string(28) "dbo.s_SetBatchStatusFinished"
    ["created_at"]=>
    string(0) ""
    ["updated_at"]=>
    string(0) ""
  }
  [22]=>
  object(Showcase\Models\Chapter)#1632 (9) {
    ["migration"]=>
    string(7) "Chapter"
    ["idDetails":protected]=>
    array(1) {
      ["name"]=>
      string(2) "id"
    }
    ["db":protected]=>
    NULL
    ["variables"]=>
    array(0) {
    }
    ["id"]=>
    string(0) ""
    ["text"]=>
    string(235) "This stored procedure marks the completion of any batch executed, either ‘CompletedWithError’ if there are error(s) or ‘CompletedSuccessfully’ when no error is encountered. It executed at the end of the Analytics ETL agent job."
    ["section_title"]=>
    string(28) "dbo.s_SetBatchStatusFinished"
    ["created_at"]=>
    string(0) ""
    ["updated_at"]=>
    string(0) ""
  }
  [23]=>
  object(Showcase\Models\Chapter)#1633 (9) {
    ["migration"]=>
    string(7) "Chapter"
    ["idDetails":protected]=>
    array(1) {
      ["name"]=>
      string(2) "id"
    }
    ["db":protected]=>
    NULL
    ["variables"]=>
    array(0) {
    }
    ["id"]=>
    string(0) ""
    ["text"]=>
    string(104) "Furthrmore, InsightETL is used to set the current date through a SQL statement similar to the one below."
    ["section_title"]=>
    string(28) "dbo.s_SetBatchStatusFinished"
    ["created_at"]=>
    string(0) ""
    ["updated_at"]=>
    string(0) ""
  }
  [24]=>
  object(Showcase\Models\Chapter)#1634 (9) {
    ["migration"]=>
    string(7) "Chapter"
    ["idDetails":protected]=>
    array(1) {
      ["name"]=>
      string(2) "id"
    }
    ["db":protected]=>
    NULL
    ["variables"]=>
    array(0) {
    }
    ["id"]=>
    string(0) ""
    ["text"]=>
    string(8) "Example:"
    ["section_title"]=>
    string(28) "dbo.s_SetBatchStatusFinished"
    ["created_at"]=>
    string(0) ""
    ["updated_at"]=>
    string(0) ""
  }
  [25]=>
  object(Showcase\Models\Chapter)#1635 (9) {
    ["migration"]=>
    string(7) "Chapter"
    ["idDetails":protected]=>
    array(1) {
      ["name"]=>
      string(2) "id"
    }
    ["db":protected]=>
    NULL
    ["variables"]=>
    array(0) {
    }
    ["id"]=>
    string(0) ""
    ["text"]=>
    string(83) "declare @CurrentETLDate date = (select max(mis_date) from InsightImport.dbo.DATES);"
    ["section_title"]=>
    string(28) "dbo.s_SetBatchStatusFinished"
    ["created_at"]=>
    string(0) ""
    ["updated_at"]=>
    string(0) ""
  }
  [26]=>
  object(Showcase\Models\Chapter)#1636 (9) {
    ["migration"]=>
    string(7) "Chapter"
    ["idDetails":protected]=>
    array(1) {
      ["name"]=>
      string(2) "id"
    }
    ["db":protected]=>
    NULL
    ["variables"]=>
    array(0) {
    }
    ["id"]=>
    string(0) ""
    ["text"]=>
    string(60) "UPDATE CurrentDate set BusinessDate =&#160; @CurrentETLDate;"
    ["section_title"]=>
    string(28) "dbo.s_SetBatchStatusFinished"
    ["created_at"]=>
    string(0) ""
    ["updated_at"]=>
    string(0) ""
  }
  [27]=>
  object(Showcase\Models\Section)#1638 (9) {
    ["migration"]=>
    string(7) "Section"
    ["idDetails":protected]=>
    array(1) {
      ["name"]=>
      string(2) "id"
    }
    ["db":protected]=>
    NULL
    ["variables"]=>
    array(0) {
    }
    ["id"]=>
    string(0) ""
    ["title"]=>
    string(26) "Insight.s_ImportBaseTables"
    ["text"]=>
    string(0) ""
    ["created_at"]=>
    string(0) ""
    ["updated_at"]=>
    string(0) ""
  }
  [28]=>
  object(Showcase\Models\Section)#1637 (9) {
    ["migration"]=>
    string(7) "Section"
    ["idDetails":protected]=>
    array(1) {
      ["name"]=>
      string(2) "id"
    }
    ["db":protected]=>
    NULL
    ["variables"]=>
    array(0) {
    }
    ["id"]=>
    string(0) ""
    ["title"]=>
    string(25) "Insight.s_ImportSubTables"
    ["text"]=>
    string(0) ""
    ["created_at"]=>
    string(0) ""
    ["updated_at"]=>
    string(0) ""
  }
  [29]=>
  object(Showcase\Models\Section)#1618 (9) {
    ["migration"]=>
    string(7) "Section"
    ["idDetails":protected]=>
    array(1) {
      ["name"]=>
      string(2) "id"
    }
    ["db":protected]=>
    NULL
    ["variables"]=>
    array(0) {
    }
    ["id"]=>
    string(0) ""
    ["title"]=>
    string(27) "Insight.s_T24ConsolKeys_add"
    ["text"]=>
    string(0) ""
    ["created_at"]=>
    string(0) ""
    ["updated_at"]=>
    string(0) ""
  }
  [30]=>
  object(Showcase\Models\Section)#1640 (9) {
    ["migration"]=>
    string(7) "Section"
    ["idDetails":protected]=>
    array(1) {
      ["name"]=>
      string(2) "id"
    }
    ["db":protected]=>
    NULL
    ["variables"]=>
    array(0) {
    }
    ["id"]=>
    string(0) ""
    ["title"]=>
    string(18) "Insight.s_BuildCOA"
    ["text"]=>
    string(0) ""
    ["created_at"]=>
    string(0) ""
    ["updated_at"]=>
    string(0) ""
  }
  [31]=>
  object(Showcase\Models\Chapter)#1642 (9) {
    ["migration"]=>
    string(7) "Chapter"
    ["idDetails":protected]=>
    array(1) {
      ["name"]=>
      string(2) "id"
    }
    ["db":protected]=>
    NULL
    ["variables"]=>
    array(0) {
    }
    ["id"]=>
    string(0) ""
    ["text"]=>
    string(104) "The Analytics ETL&#160;agent job executes the following stored procedures in the InsightImport database."
    ["section_title"]=>
    string(18) "Insight.s_BuildCOA"
    ["created_at"]=>
    string(0) ""
    ["updated_at"]=>
    string(0) ""
  }
  [32]=>
  object(Showcase\Models\Chapter)#1641 (9) {
    ["migration"]=>
    string(7) "Chapter"
    ["idDetails":protected]=>
    array(1) {
      ["name"]=>
      string(2) "id"
    }
    ["db":protected]=>
    NULL
    ["variables"]=>
    array(0) {
    }
    ["id"]=>
    string(0) ""
    ["text"]=>
    string(164) "This procedure manages the control of the process to Bulk Insert from CSV files to SQL in parallel with DQI (Data Quality Import) or/and DPI (Data Profiler Import)."
    ["section_title"]=>
    string(18) "Insight.s_BuildCOA"
    ["created_at"]=>
    string(0) ""
    ["updated_at"]=>
    string(0) ""
  }
  [33]=>
  object(Showcase\Models\Chapter)#1612 (9) {
    ["migration"]=>
    string(7) "Chapter"
    ["idDetails":protected]=>
    array(1) {
      ["name"]=>
      string(2) "id"
    }
    ["db":protected]=>
    NULL
    ["variables"]=>
    array(0) {
    }
    ["id"]=>
    string(0) ""
    ["text"]=>
    string(116) "This procedure parses multi-values, sub-values, and local reference fields creating the associated ‘sub’ tables."
    ["section_title"]=>
    string(18) "Insight.s_BuildCOA"
    ["created_at"]=>
    string(0) ""
    ["updated_at"]=>
    string(0) ""
  }
  [34]=>
  object(Showcase\Models\Chapter)#1644 (9) {
    ["migration"]=>
    string(7) "Chapter"
    ["idDetails":protected]=>
    array(1) {
      ["name"]=>
      string(2) "id"
    }
    ["db":protected]=>
    NULL
    ["variables"]=>
    array(0) {
    }
    ["id"]=>
    string(0) ""
    ["text"]=>
    string(155) "This procedure parses Consolidation keys for GL-related tables like RE_CONSOL_SPEC_ENTRY and any CRF file. It execues the following steps in Analytics ETL:"
    ["section_title"]=>
    string(18) "Insight.s_BuildCOA"
    ["created_at"]=>
    string(0) ""
    ["updated_at"]=>
    string(0) ""
  }
  [35]=>
  object(Showcase\Models\Chapter)#1645 (9) {
    ["migration"]=>
    string(7) "Chapter"
    ["idDetails":protected]=>
    array(1) {
      ["name"]=>
      string(2) "id"
    }
    ["db":protected]=>
    NULL
    ["variables"]=>
    array(0) {
    }
    ["id"]=>
    string(0) ""
    ["text"]=>
    string(17) "Updates Batch log"
    ["section_title"]=>
    string(18) "Insight.s_BuildCOA"
    ["created_at"]=>
    string(0) ""
    ["updated_at"]=>
    string(0) ""
  }
  [36]=>
  object(Showcase\Models\Chapter)#1646 (9) {
    ["migration"]=>
    string(7) "Chapter"
    ["idDetails":protected]=>
    array(1) {
      ["name"]=>
      string(2) "id"
    }
    ["db":protected]=>
    NULL
    ["variables"]=>
    array(0) {
    }
    ["id"]=>
    string(0) ""
    ["text"]=>
    string(63) "EXEC [InsightETL].dbo.s_MergeUpdateBatchStatus null, null, null"
    ["section_title"]=>
    string(18) "Insight.s_BuildCOA"
    ["created_at"]=>
    string(0) ""
    ["updated_at"]=>
    string(0) ""
  }
  [37]=>
  object(Showcase\Models\Chapter)#1647 (9) {
    ["migration"]=>
    string(7) "Chapter"
    ["idDetails":protected]=>
    array(1) {
      ["name"]=>
      string(2) "id"
    }
    ["db":protected]=>
    NULL
    ["variables"]=>
    array(0) {
    }
    ["id"]=>
    string(0) ""
    ["text"]=>
    string(18) " Runs the Import. "
    ["section_title"]=>
    string(18) "Insight.s_BuildCOA"
    ["created_at"]=>
    string(0) ""
    ["updated_at"]=>
    string(0) ""
  }
  [38]=>
  object(Showcase\Models\Chapter)#1648 (9) {
    ["migration"]=>
    string(7) "Chapter"
    ["idDetails":protected]=>
    array(1) {
      ["name"]=>
      string(2) "id"
    }
    ["db":protected]=>
    NULL
    ["variables"]=>
    array(0) {
    }
    ["id"]=>
    string(0) ""
    ["text"]=>
    string(194) "Exec [Insight].[s_Import_Control] @PathName = 'E:\InsightImport', @TableName = 'All', @ReCreateTables = 0, @TableType = 'Regular', @SystemTablesExist = 0, @BatchNum = null, @TotalThreads = null;"
    ["section_title"]=>
    string(18) "Insight.s_BuildCOA"
    ["created_at"]=>
    string(0) ""
    ["updated_at"]=>
    string(0) ""
  }
  [39]=>
  object(Showcase\Models\Chapter)#1649 (9) {
    ["migration"]=>
    string(7) "Chapter"
    ["idDetails":protected]=>
    array(1) {
      ["name"]=>
      string(2) "id"
    }
    ["db":protected]=>
    NULL
    ["variables"]=>
    array(0) {
    }
    ["id"]=>
    string(0) ""
    ["text"]=>
    string(41) "Checks imported tables against HASH_TOTAL"
    ["section_title"]=>
    string(18) "Insight.s_BuildCOA"
    ["created_at"]=>
    string(0) ""
    ["updated_at"]=>
    string(0) ""
  }
  [40]=>
  object(Showcase\Models\Chapter)#1650 (9) {
    ["migration"]=>
    string(7) "Chapter"
    ["idDetails":protected]=>
    array(1) {
      ["name"]=>
      string(2) "id"
    }
    ["db":protected]=>
    NULL
    ["variables"]=>
    array(0) {
    }
    ["id"]=>
    string(0) ""
    ["text"]=>
    string(95) "Exec [InsightImport].[Insight].[s_ImportDataReportErrors] @TableName = 'All', @BatchNum = null;"
    ["section_title"]=>
    string(18) "Insight.s_BuildCOA"
    ["created_at"]=>
    string(0) ""
    ["updated_at"]=>
    string(0) ""
  }
  [41]=>
  object(Showcase\Models\Chapter)#1651 (9) {
    ["migration"]=>
    string(7) "Chapter"
    ["idDetails":protected]=>
    array(1) {
      ["name"]=>
      string(2) "id"
    }
    ["db":protected]=>
    NULL
    ["variables"]=>
    array(0) {
    }
    ["id"]=>
    string(0) ""
    ["text"]=>
    string(39) "Performs Local reference fields parsing"
    ["section_title"]=>
    string(18) "Insight.s_BuildCOA"
    ["created_at"]=>
    string(0) ""
    ["updated_at"]=>
    string(0) ""
  }
  [42]=>
  object(Showcase\Models\Chapter)#1652 (9) {
    ["migration"]=>
    string(7) "Chapter"
    ["idDetails":protected]=>
    array(1) {
      ["name"]=>
      string(2) "id"
    }
    ["db":protected]=>
    NULL
    ["variables"]=>
    array(0) {
    }
    ["id"]=>
    string(0) ""
    ["text"]=>
    string(195) "Exec [Insight].[s_Import_Control] @PathName = 'E:\InsightImport', @TableName = 'All', @ReCreateTables = 0, @TableType = 'localref', @SystemTablesExist = 1, @BatchNum = null, @TotalThreads = null;"
    ["section_title"]=>
    string(18) "Insight.s_BuildCOA"
    ["created_at"]=>
    string(0) ""
    ["updated_at"]=>
    string(0) ""
  }
  [43]=>
  object(Showcase\Models\Chapter)#1653 (9) {
    ["migration"]=>
    string(7) "Chapter"
    ["idDetails":protected]=>
    array(1) {
      ["name"]=>
      string(2) "id"
    }
    ["db":protected]=>
    NULL
    ["variables"]=>
    array(0) {
    }
    ["id"]=>
    string(0) ""
    ["text"]=>
    string(28) "Performs Multi-value parsing"
    ["section_title"]=>
    string(18) "Insight.s_BuildCOA"
    ["created_at"]=>
    string(0) ""
    ["updated_at"]=>
    string(0) ""
  }
  [44]=>
  object(Showcase\Models\Chapter)#1654 (9) {
    ["migration"]=>
    string(7) "Chapter"
    ["idDetails":protected]=>
    array(1) {
      ["name"]=>
      string(2) "id"
    }
    ["db":protected]=>
    NULL
    ["variables"]=>
    array(0) {
    }
    ["id"]=>
    string(0) ""
    ["text"]=>
    string(189) "Exec [Insight].[s_Import_Control] @PathName = 'E:\InsightImport', @TableName = 'All', @ReCreateTables = 0, @TableType = 'mv', @SystemTablesExist = 1, @BatchNum = null, @TotalThreads = null;"
    ["section_title"]=>
    string(18) "Insight.s_BuildCOA"
    ["created_at"]=>
    string(0) ""
    ["updated_at"]=>
    string(0) ""
  }
  [45]=>
  object(Showcase\Models\Chapter)#1655 (9) {
    ["migration"]=>
    string(7) "Chapter"
    ["idDetails":protected]=>
    array(1) {
      ["name"]=>
      string(2) "id"
    }
    ["db":protected]=>
    NULL
    ["variables"]=>
    array(0) {
    }
    ["id"]=>
    string(0) ""
    ["text"]=>
    string(38) "Performs Multi-value sub-value parsing"
    ["section_title"]=>
    string(18) "Insight.s_BuildCOA"
    ["created_at"]=>
    string(0) ""
    ["updated_at"]=>
    string(0) ""
  }
  [46]=>
  object(Showcase\Models\Chapter)#1656 (9) {
    ["migration"]=>
    string(7) "Chapter"
    ["idDetails":protected]=>
    array(1) {
      ["name"]=>
      string(2) "id"
    }
    ["db":protected]=>
    NULL
    ["variables"]=>
    array(0) {
    }
    ["id"]=>
    string(0) ""
    ["text"]=>
    string(191) "Exec [Insight].[s_Import_Control] @PathName = 'E:\InsightImport', @TableName = 'All', @ReCreateTables = 0, @TableType = 'mvsv', @SystemTablesExist = 1, @BatchNum = null, @TotalThreads = null;"
    ["section_title"]=>
    string(18) "Insight.s_BuildCOA"
    ["created_at"]=>
    string(0) ""
    ["updated_at"]=>
    string(0) ""
  }
  [47]=>
  object(Showcase\Models\Chapter)#1657 (9) {
    ["migration"]=>
    string(7) "Chapter"
    ["idDetails":protected]=>
    array(1) {
      ["name"]=>
      string(2) "id"
    }
    ["db":protected]=>
    NULL
    ["variables"]=>
    array(0) {
    }
    ["id"]=>
    string(0) ""
    ["text"]=>
    string(53) "Performs sub-value parsing for local reference fields"
    ["section_title"]=>
    string(18) "Insight.s_BuildCOA"
    ["created_at"]=>
    string(0) ""
    ["updated_at"]=>
    string(0) ""
  }
  [48]=>
  object(Showcase\Models\Chapter)#1658 (9) {
    ["migration"]=>
    string(7) "Chapter"
    ["idDetails":protected]=>
    array(1) {
      ["name"]=>
      string(2) "id"
    }
    ["db":protected]=>
    NULL
    ["variables"]=>
    array(0) {
    }
    ["id"]=>
    string(0) ""
    ["text"]=>
    string(191) "Exec [Insight].[s_Import_Control] @PathName = 'E:\InsightImport', @TableName = 'All', @ReCreateTables = 0, @TableType = 'lrsv', @SystemTablesExist = 1, @BatchNum = null, @TotalThreads = null;"
    ["section_title"]=>
    string(18) "Insight.s_BuildCOA"
    ["created_at"]=>
    string(0) ""
    ["updated_at"]=>
    string(0) ""
  }
  [49]=>
  object(Showcase\Models\Chapter)#1659 (9) {
    ["migration"]=>
    string(7) "Chapter"
    ["idDetails":protected]=>
    array(1) {
      ["name"]=>
      string(2) "id"
    }
    ["db":protected]=>
    NULL
    ["variables"]=>
    array(0) {
    }
    ["id"]=>
    string(0) ""
    ["text"]=>
    string(32) "Parses consolidation keys for GL"
    ["section_title"]=>
    string(18) "Insight.s_BuildCOA"
    ["created_at"]=>
    string(0) ""
    ["updated_at"]=>
    string(0) ""
  }
  [50]=>
  object(Showcase\Models\Chapter)#1660 (9) {
    ["migration"]=>
    string(7) "Chapter"
    ["idDetails":protected]=>
    array(1) {
      ["name"]=>
      string(2) "id"
    }
    ["db":protected]=>
    NULL
    ["variables"]=>
    array(0) {
    }
    ["id"]=>
    string(0) ""
    ["text"]=>
    string(74) "exec [Insight].[s_T24ConsolKeys_Add] @TableName = 'All', @BatchNum = null;"
    ["section_title"]=>
    string(18) "Insight.s_BuildCOA"
    ["created_at"]=>
    string(0) ""
    ["updated_at"]=>
    string(0) ""
  }
  [51]=>
  object(Showcase\Models\Chapter)#1661 (9) {
    ["migration"]=>
    string(7) "Chapter"
    ["idDetails":protected]=>
    array(1) {
      ["name"]=>
      string(2) "id"
    }
    ["db":protected]=>
    NULL
    ["variables"]=>
    array(0) {
    }
    ["id"]=>
    string(0) ""
    ["text"]=>
    string(50) "This procedure builds the Chart of Accounts table."
    ["section_title"]=>
    string(18) "Insight.s_BuildCOA"
    ["created_at"]=>
    string(0) ""
    ["updated_at"]=>
    string(0) ""
  }
  [52]=>
  object(Showcase\Models\Section)#1663 (9) {
    ["migration"]=>
    string(7) "Section"
    ["idDetails":protected]=>
    array(1) {
      ["name"]=>
      string(2) "id"
    }
    ["db":protected]=>
    NULL
    ["variables"]=>
    array(0) {
    }
    ["id"]=>
    string(0) ""
    ["title"]=>
    string(43) "dbo. s_InsightLandingTable_CSI_Table_Update"
    ["text"]=>
    string(0) ""
    ["created_at"]=>
    string(0) ""
    ["updated_at"]=>
    string(0) ""
  }
  [53]=>
  object(Showcase\Models\Chapter)#1643 (9) {
    ["migration"]=>
    string(7) "Chapter"
    ["idDetails":protected]=>
    array(1) {
      ["name"]=>
      string(2) "id"
    }
    ["db":protected]=>
    NULL
    ["variables"]=>
    array(0) {
    }
    ["id"]=>
    string(0) ""
    ["text"]=>
    string(105) "The Analytics ETL&#160;agent job executes the following stored procedure in the InsightLanding database. "
    ["section_title"]=>
    string(43) "dbo. s_InsightLandingTable_CSI_Table_Update"
    ["created_at"]=>
    string(0) ""
    ["updated_at"]=>
    string(0) ""
  }
  [54]=>
  object(Showcase\Models\Chapter)#1662 (9) {
    ["migration"]=>
    string(7) "Chapter"
    ["idDetails":protected]=>
    array(1) {
      ["name"]=>
      string(2) "id"
    }
    ["db":protected]=>
    NULL
    ["variables"]=>
    array(0) {
    }
    ["id"]=>
    string(0) ""
    ["text"]=>
    string(152) "Loads data into InsightLanding’s columnstore index tables.This procedure can be updated or run multiple times depending the source systems considered."
    ["section_title"]=>
    string(43) "dbo. s_InsightLandingTable_CSI_Table_Update"
    ["created_at"]=>
    string(0) ""
    ["updated_at"]=>
    string(0) ""
  }
  [55]=>
  object(Showcase\Models\Chapter)#1664 (9) {
    ["migration"]=>
    string(7) "Chapter"
    ["idDetails":protected]=>
    array(1) {
      ["name"]=>
      string(2) "id"
    }
    ["db":protected]=>
    NULL
    ["variables"]=>
    array(0) {
    }
    ["id"]=>
    string(0) ""
    ["text"]=>
    string(8) "Example:"
    ["section_title"]=>
    string(43) "dbo. s_InsightLandingTable_CSI_Table_Update"
    ["created_at"]=>
    string(0) ""
    ["updated_at"]=>
    string(0) ""
  }
  [56]=>
  object(Showcase\Models\Chapter)#1666 (9) {
    ["migration"]=>
    string(7) "Chapter"
    ["idDetails":protected]=>
    array(1) {
      ["name"]=>
      string(2) "id"
    }
    ["db":protected]=>
    NULL
    ["variables"]=>
    array(0) {
    }
    ["id"]=>
    string(0) ""
    ["text"]=>
    string(90) "declare @CurrentETLDate date = (select max(BusinessDate) from InsightETL.dbo.CurrentDate);"
    ["section_title"]=>
    string(43) "dbo. s_InsightLandingTable_CSI_Table_Update"
    ["created_at"]=>
    string(0) ""
    ["updated_at"]=>
    string(0) ""
  }
  [57]=>
  object(Showcase\Models\Chapter)#1667 (9) {
    ["migration"]=>
    string(7) "Chapter"
    ["idDetails":protected]=>
    array(1) {
      ["name"]=>
      string(2) "id"
    }
    ["db":protected]=>
    NULL
    ["variables"]=>
    array(0) {
    }
    ["id"]=>
    string(0) ""
    ["text"]=>
    string(229) "EXEC dbo.s_InsightLanding_CSI_Table_Update @SourceName = 'BS', @BSDate = @CurrentETLDate, @UserId = 'dbo', @CreateRowBaseIndex = 0, @DataCompression = 'COLUMNSTORE', @UpdateTableSchema = 1, @BatchNum = null, @TotalThreads = null;"
    ["section_title"]=>
    string(43) "dbo. s_InsightLandingTable_CSI_Table_Update"
    ["created_at"]=>
    string(0) ""
    ["updated_at"]=>
    string(0) ""
  }
  [58]=>
  object(Showcase\Models\Section)#1669 (9) {
    ["migration"]=>
    string(7) "Section"
    ["idDetails":protected]=>
    array(1) {
      ["name"]=>
      string(2) "id"
    }
    ["db":protected]=>
    NULL
    ["variables"]=>
    array(0) {
    }
    ["id"]=>
    string(0) ""
    ["title"]=>
    string(31) "dbo. s_InsightSource_CSI_Update"
    ["text"]=>
    string(0) ""
    ["created_at"]=>
    string(0) ""
    ["updated_at"]=>
    string(0) ""
  }
  [59]=>
  object(Showcase\Models\Chapter)#1665 (9) {
    ["migration"]=>
    string(7) "Chapter"
    ["idDetails":protected]=>
    array(1) {
      ["name"]=>
      string(2) "id"
    }
    ["db":protected]=>
    NULL
    ["variables"]=>
    array(0) {
    }
    ["id"]=>
    string(0) ""
    ["text"]=>
    string(103) "The Analytics ETL&#160;agent job executes the following stored procedure in the InsightSource database."
    ["section_title"]=>
    string(31) "dbo. s_InsightSource_CSI_Update"
    ["created_at"]=>
    string(0) ""
    ["updated_at"]=>
    string(0) ""
  }
  [60]=>
  object(Showcase\Models\Chapter)#1668 (9) {
    ["migration"]=>
    string(7) "Chapter"
    ["idDetails":protected]=>
    array(1) {
      ["name"]=>
      string(2) "id"
    }
    ["db":protected]=>
    NULL
    ["variables"]=>
    array(0) {
    }
    ["id"]=>
    string(0) ""
    ["text"]=>
    string(181) "Loads data from InsightLanding columnstore index tables into the InsightSource database. This procedure can be updated or run multiple times depending the source systems considered."
    ["section_title"]=>
    string(31) "dbo. s_InsightSource_CSI_Update"
    ["created_at"]=>
    string(0) ""
    ["updated_at"]=>
    string(0) ""
  }
  [61]=>
  object(Showcase\Models\Chapter)#1670 (9) {
    ["migration"]=>
    string(7) "Chapter"
    ["idDetails":protected]=>
    array(1) {
      ["name"]=>
      string(2) "id"
    }
    ["db":protected]=>
    NULL
    ["variables"]=>
    array(0) {
    }
    ["id"]=>
    string(0) ""
    ["text"]=>
    string(8) "Example:"
    ["section_title"]=>
    string(31) "dbo. s_InsightSource_CSI_Update"
    ["created_at"]=>
    string(0) ""
    ["updated_at"]=>
    string(0) ""
  }
  [62]=>
  object(Showcase\Models\Chapter)#1672 (9) {
    ["migration"]=>
    string(7) "Chapter"
    ["idDetails":protected]=>
    array(1) {
      ["name"]=>
      string(2) "id"
    }
    ["db":protected]=>
    NULL
    ["variables"]=>
    array(0) {
    }
    ["id"]=>
    string(0) ""
    ["text"]=>
    string(91) "declare @CurrentETLDate date = (select max (BusinessDate) from InsightETL.dbo.CurrentDate);"
    ["section_title"]=>
    string(31) "dbo. s_InsightSource_CSI_Update"
    ["created_at"]=>
    string(0) ""
    ["updated_at"]=>
    string(0) ""
  }
  [63]=>
  object(Showcase\Models\Chapter)#1673 (9) {
    ["migration"]=>
    string(7) "Chapter"
    ["idDetails":protected]=>
    array(1) {
      ["name"]=>
      string(2) "id"
    }
    ["db":protected]=>
    NULL
    ["variables"]=>
    array(0) {
    }
    ["id"]=>
    string(0) ""
    ["text"]=>
    string(119) "EXEC dbo.s_InsightSource_CSI_Update @sources = 'BS', @BSDate = @CurrentETLDate, @BatchNum = null, @TotalThreads = null;"
    ["section_title"]=>
    string(31) "dbo. s_InsightSource_CSI_Update"
    ["created_at"]=>
    string(0) ""
    ["updated_at"]=>
    string(0) ""
  }
  [64]=>
  object(Showcase\Models\Section)#1675 (9) {
    ["migration"]=>
    string(7) "Section"
    ["idDetails":protected]=>
    array(1) {
      ["name"]=>
      string(2) "id"
    }
    ["db":protected]=>
    NULL
    ["variables"]=>
    array(0) {
    }
    ["id"]=>
    string(0) ""
    ["title"]=>
    string(38) "dbo. s_InsightStaging_Update (Extract)"
    ["text"]=>
    string(0) ""
    ["created_at"]=>
    string(0) ""
    ["updated_at"]=>
    string(0) ""
  }
  [65]=>
  object(Showcase\Models\Section)#1674 (9) {
    ["migration"]=>
    string(7) "Section"
    ["idDetails":protected]=>
    array(1) {
      ["name"]=>
      string(2) "id"
    }
    ["db":protected]=>
    NULL
    ["variables"]=>
    array(0) {
    }
    ["id"]=>
    string(0) ""
    ["title"]=>
    string(40) "dbo. s_InsightStaging_Update (Transform)"
    ["text"]=>
    string(0) ""
    ["created_at"]=>
    string(0) ""
    ["updated_at"]=>
    string(0) ""
  }
  [66]=>
  object(Showcase\Models\Chapter)#1677 (9) {
    ["migration"]=>
    string(7) "Chapter"
    ["idDetails":protected]=>
    array(1) {
      ["name"]=>
      string(2) "id"
    }
    ["db":protected]=>
    NULL
    ["variables"]=>
    array(0) {
    }
    ["id"]=>
    string(0) ""
    ["text"]=>
    string(105) "The Analytics ETL&#160;agent job executes the following stored procedures in the InsightStaging database."
    ["section_title"]=>
    string(40) "dbo. s_InsightStaging_Update (Transform)"
    ["created_at"]=>
    string(0) ""
    ["updated_at"]=>
    string(0) ""
  }
  [67]=>
  object(Showcase\Models\Chapter)#1671 (9) {
    ["migration"]=>
    string(7) "Chapter"
    ["idDetails":protected]=>
    array(1) {
      ["name"]=>
      string(2) "id"
    }
    ["db":protected]=>
    NULL
    ["variables"]=>
    array(0) {
    }
    ["id"]=>
    string(0) ""
    ["text"]=>
    string(34) "Extracts data into Staging Tables."
    ["section_title"]=>
    string(40) "dbo. s_InsightStaging_Update (Transform)"
    ["created_at"]=>
    string(0) ""
    ["updated_at"]=>
    string(0) ""
  }
  [68]=>
  object(Showcase\Models\Chapter)#1639 (9) {
    ["migration"]=>
    string(7) "Chapter"
    ["idDetails":protected]=>
    array(1) {
      ["name"]=>
      string(2) "id"
    }
    ["db":protected]=>
    NULL
    ["variables"]=>
    array(0) {
    }
    ["id"]=>
    string(0) ""
    ["text"]=>
    string(8) "Example:"
    ["section_title"]=>
    string(40) "dbo. s_InsightStaging_Update (Transform)"
    ["created_at"]=>
    string(0) ""
    ["updated_at"]=>
    string(0) ""
  }
  [69]=>
  object(Showcase\Models\Chapter)#1679 (9) {
    ["migration"]=>
    string(7) "Chapter"
    ["idDetails":protected]=>
    array(1) {
      ["name"]=>
      string(2) "id"
    }
    ["db":protected]=>
    NULL
    ["variables"]=>
    array(0) {
    }
    ["id"]=>
    string(0) ""
    ["text"]=>
    string(131) "EXEC dbo.s_InsightStaging_Update @ExecuteExtractSteps = 1, @ExecuteTransformLoadSteps = 0, @BatchNum = null, @TotalThreads = null; "
    ["section_title"]=>
    string(40) "dbo. s_InsightStaging_Update (Transform)"
    ["created_at"]=>
    string(0) ""
    ["updated_at"]=>
    string(0) ""
  }
  [70]=>
  object(Showcase\Models\Chapter)#1680 (9) {
    ["migration"]=>
    string(7) "Chapter"
    ["idDetails":protected]=>
    array(1) {
      ["name"]=>
      string(2) "id"
    }
    ["db":protected]=>
    NULL
    ["variables"]=>
    array(0) {
    }
    ["id"]=>
    string(0) ""
    ["text"]=>
    string(61) "Transforms data into Dim and Facts and Loads InsightWarehouse"
    ["section_title"]=>
    string(40) "dbo. s_InsightStaging_Update (Transform)"
    ["created_at"]=>
    string(0) ""
    ["updated_at"]=>
    string(0) ""
  }
  [71]=>
  object(Showcase\Models\Chapter)#1681 (9) {
    ["migration"]=>
    string(7) "Chapter"
    ["idDetails":protected]=>
    array(1) {
      ["name"]=>
      string(2) "id"
    }
    ["db":protected]=>
    NULL
    ["variables"]=>
    array(0) {
    }
    ["id"]=>
    string(0) ""
    ["text"]=>
    string(8) "Example:"
    ["section_title"]=>
    string(40) "dbo. s_InsightStaging_Update (Transform)"
    ["created_at"]=>
    string(0) ""
    ["updated_at"]=>
    string(0) ""
  }
  [72]=>
  object(Showcase\Models\Chapter)#1682 (9) {
    ["migration"]=>
    string(7) "Chapter"
    ["idDetails":protected]=>
    array(1) {
      ["name"]=>
      string(2) "id"
    }
    ["db":protected]=>
    NULL
    ["variables"]=>
    array(0) {
    }
    ["id"]=>
    string(0) ""
    ["text"]=>
    string(131) "EXEC dbo.s_InsightStaging_Update @ExecuteExtractSteps = 0, @ExecuteTransformLoadSteps = 1, @BatchNum = null, @TotalThreads = null; "
    ["section_title"]=>
    string(40) "dbo. s_InsightStaging_Update (Transform)"
    ["created_at"]=>
    string(0) ""
    ["updated_at"]=>
    string(0) ""
  }
  [73]=>
  object(Showcase\Models\Section)#1684 (9) {
    ["migration"]=>
    string(7) "Section"
    ["idDetails":protected]=>
    array(1) {
      ["name"]=>
      string(2) "id"
    }
    ["db":protected]=>
    NULL
    ["variables"]=>
    array(0) {
    }
    ["id"]=>
    string(0) ""
    ["title"]=>
    string(14) "sp_updatestats"
    ["text"]=>
    string(0) ""
    ["created_at"]=>
    string(0) ""
    ["updated_at"]=>
    string(0) ""
  }
  [74]=>
  object(Showcase\Models\Section)#1683 (9) {
    ["migration"]=>
    string(7) "Section"
    ["idDetails":protected]=>
    array(1) {
      ["name"]=>
      string(2) "id"
    }
    ["db":protected]=>
    NULL
    ["variables"]=>
    array(0) {
    }
    ["id"]=>
    string(0) ""
    ["title"]=>
    string(25) "dbo.s_BusinessDate_Enable"
    ["text"]=>
    string(0) ""
    ["created_at"]=>
    string(0) ""
    ["updated_at"]=>
    string(0) ""
  }
  [75]=>
  object(Showcase\Models\Chapter)#1686 (9) {
    ["migration"]=>
    string(7) "Chapter"
    ["idDetails":protected]=>
    array(1) {
      ["name"]=>
      string(2) "id"
    }
    ["db":protected]=>
    NULL
    ["variables"]=>
    array(0) {
    }
    ["id"]=>
    string(0) ""
    ["text"]=>
    string(107) "The Analytics ETL&#160;agent job executes the following stored procedures in the InsightWarehouse database."
    ["section_title"]=>
    string(25) "dbo.s_BusinessDate_Enable"
    ["created_at"]=>
    string(0) ""
    ["updated_at"]=>
    string(0) ""
  }
  [76]=>
  object(Showcase\Models\Chapter)#1678 (9) {
    ["migration"]=>
    string(7) "Chapter"
    ["idDetails":protected]=>
    array(1) {
      ["name"]=>
      string(2) "id"
    }
    ["db":protected]=>
    NULL
    ["variables"]=>
    array(0) {
    }
    ["id"]=>
    string(0) ""
    ["text"]=>
    string(33) "Updates Analytics ETL statistics."
    ["section_title"]=>
    string(25) "dbo.s_BusinessDate_Enable"
    ["created_at"]=>
    string(0) ""
    ["updated_at"]=>
    string(0) ""
  }
  [77]=>
  object(Showcase\Models\Chapter)#1676 (9) {
    ["migration"]=>
    string(7) "Chapter"
    ["idDetails":protected]=>
    array(1) {
      ["name"]=>
      string(2) "id"
    }
    ["db":protected]=>
    NULL
    ["variables"]=>
    array(0) {
    }
    ["id"]=>
    string(0) ""
    ["text"]=>
    string(26) "Enables the business date."
    ["section_title"]=>
    string(25) "dbo.s_BusinessDate_Enable"
    ["created_at"]=>
    string(0) ""
    ["updated_at"]=>
    string(0) ""
  }
  [78]=>
  object(Showcase\Models\Chapter)#1688 (9) {
    ["migration"]=>
    string(7) "Chapter"
    ["idDetails":protected]=>
    array(1) {
      ["name"]=>
      string(2) "id"
    }
    ["db":protected]=>
    NULL
    ["variables"]=>
    array(0) {
    }
    ["id"]=>
    string(0) ""
    ["text"]=>
    string(8) "Example:"
    ["section_title"]=>
    string(25) "dbo.s_BusinessDate_Enable"
    ["created_at"]=>
    string(0) ""
    ["updated_at"]=>
    string(0) ""
  }
  [79]=>
  object(Showcase\Models\Chapter)#1689 (9) {
    ["migration"]=>
    string(7) "Chapter"
    ["idDetails":protected]=>
    array(1) {
      ["name"]=>
      string(2) "id"
    }
    ["db":protected]=>
    NULL
    ["variables"]=>
    array(0) {
    }
    ["id"]=>
    string(0) ""
    ["text"]=>
    string(103) "Declare @date as smalldatetime = (select&#160; MAX(BusinessDate) from InsightStaging.dbo.sourceDate ); "
    ["section_title"]=>
    string(25) "dbo.s_BusinessDate_Enable"
    ["created_at"]=>
    string(0) ""
    ["updated_at"]=>
    string(0) ""
  }
  [80]=>
  object(Showcase\Models\Chapter)#1690 (9) {
    ["migration"]=>
    string(7) "Chapter"
    ["idDetails":protected]=>
    array(1) {
      ["name"]=>
      string(2) "id"
    }
    ["db":protected]=>
    NULL
    ["variables"]=>
    array(0) {
    }
    ["id"]=>
    string(0) ""
    ["text"]=>
    string(191) "&#160;&#160;&#160;&#160;&#160;&#160;&#160;&#160;&#160;&#160;&#160;&#160;&#160;&#160;&#160;&#160;&#160;&#160;&#160;&#160;EXEC dbo.s_BusinessDate_Enable @Date=@date, @Reset=null, @BatchNum=null"
    ["section_title"]=>
    string(25) "dbo.s_BusinessDate_Enable"
    ["created_at"]=>
    string(0) ""
    ["updated_at"]=>
    string(0) ""
  }
  [81]=>
  object(Showcase\Models\Chapter)#1691 (9) {
    ["migration"]=>
    string(7) "Chapter"
    ["idDetails":protected]=>
    array(1) {
      ["name"]=>
      string(2) "id"
    }
    ["db":protected]=>
    NULL
    ["variables"]=>
    array(0) {
    }
    ["id"]=>
    string(0) ""
    ["text"]=>
    string(197) "If at least one Analytics Content Pack is deployed within the Advanced Analytics Platform, the Analytics ETL agent job will contain a step to process all Multidimensional Cubes are processed using."
    ["section_title"]=>
    string(25) "dbo.s_BusinessDate_Enable"
    ["created_at"]=>
    string(0) ""
    ["updated_at"]=>
    string(0) ""
  }
  [82]=>
  object(Showcase\Models\Chapter)#1692 (9) {
    ["migration"]=>
    string(7) "Chapter"
    ["idDetails":protected]=>
    array(1) {
      ["name"]=>
      string(2) "id"
    }
    ["db":protected]=>
    NULL
    ["variables"]=>
    array(0) {
    }
    ["id"]=>
    string(0) ""
    ["text"]=>
    string(8) "Example:"
    ["section_title"]=>
    string(25) "dbo.s_BusinessDate_Enable"
    ["created_at"]=>
    string(0) ""
    ["updated_at"]=>
    string(0) ""
  }
  [83]=>
  object(Showcase\Models\Chapter)#1687 (9) {
    ["migration"]=>
    string(7) "Chapter"
    ["idDetails":protected]=>
    array(1) {
      ["name"]=>
      string(2) "id"
    }
    ["db":protected]=>
    NULL
    ["variables"]=>
    array(0) {
    }
    ["id"]=>
    string(0) ""
    ["text"]=>
    string(27) "Declare @BusinessDate date,"
    ["section_title"]=>
    string(25) "dbo.s_BusinessDate_Enable"
    ["created_at"]=>
    string(0) ""
    ["updated_at"]=>
    string(0) ""
  }
  [84]=>
  object(Showcase\Models\Chapter)#1694 (9) {
    ["migration"]=>
    string(7) "Chapter"
    ["idDetails":protected]=>
    array(1) {
      ["name"]=>
      string(2) "id"
    }
    ["db":protected]=>
    NULL
    ["variables"]=>
    array(0) {
    }
    ["id"]=>
    string(0) ""
    ["text"]=>
    string(27) "@CommandText Nvarchar(200),"
    ["section_title"]=>
    string(25) "dbo.s_BusinessDate_Enable"
    ["created_at"]=>
    string(0) ""
    ["updated_at"]=>
    string(0) ""
  }
  [85]=>
  object(Showcase\Models\Chapter)#1695 (9) {
    ["migration"]=>
    string(7) "Chapter"
    ["idDetails":protected]=>
    array(1) {
      ["name"]=>
      string(2) "id"
    }
    ["db":protected]=>
    NULL
    ["variables"]=>
    array(0) {
    }
    ["id"]=>
    string(0) ""
    ["text"]=>
    string(29) "@CubeProcessType Nvarchar(50)"
    ["section_title"]=>
    string(25) "dbo.s_BusinessDate_Enable"
    ["created_at"]=>
    string(0) ""
    ["updated_at"]=>
    string(0) ""
  }
  [86]=>
  object(Showcase\Models\Chapter)#1696 (9) {
    ["migration"]=>
    string(7) "Chapter"
    ["idDetails":protected]=>
    array(1) {
      ["name"]=>
      string(2) "id"
    }
    ["db":protected]=>
    NULL
    ["variables"]=>
    array(0) {
    }
    ["id"]=>
    string(0) ""
    ["text"]=>
    string(72) "SELECT @CubeProcessType = case when [Value] is null or [Value] = '' Then"
    ["section_title"]=>
    string(25) "dbo.s_BusinessDate_Enable"
    ["created_at"]=>
    string(0) ""
    ["updated_at"]=>
    string(0) ""
  }
  [87]=>
  object(Showcase\Models\Chapter)#1697 (9) {
    ["migration"]=>
    string(7) "Chapter"
    ["idDetails":protected]=>
    array(1) {
      ["name"]=>
      string(2) "id"
    }
    ["db":protected]=>
    NULL
    ["variables"]=>
    array(0) {
    }
    ["id"]=>
    string(0) ""
    ["text"]=>
    string(16) "'NoProcess' Else"
    ["section_title"]=>
    string(25) "dbo.s_BusinessDate_Enable"
    ["created_at"]=>
    string(0) ""
    ["updated_at"]=>
    string(0) ""
  }
  [88]=>
  object(Showcase\Models\Chapter)#1698 (9) {
    ["migration"]=>
    string(7) "Chapter"
    ["idDetails":protected]=>
    array(1) {
      ["name"]=>
      string(2) "id"
    }
    ["db":protected]=>
    NULL
    ["variables"]=>
    array(0) {
    }
    ["id"]=>
    string(0) ""
    ["text"]=>
    string(11) "[Value] End"
    ["section_title"]=>
    string(25) "dbo.s_BusinessDate_Enable"
    ["created_at"]=>
    string(0) ""
    ["updated_at"]=>
    string(0) ""
  }
  [89]=>
  object(Showcase\Models\Chapter)#1699 (9) {
    ["migration"]=>
    string(7) "Chapter"
    ["idDetails":protected]=>
    array(1) {
      ["name"]=>
      string(2) "id"
    }
    ["db":protected]=>
    NULL
    ["variables"]=>
    array(0) {
    }
    ["id"]=>
    string(0) ""
    ["text"]=>
    string(51) "FROM [InsightWarehouse].[dbo].[DimSystemParameters]"
    ["section_title"]=>
    string(25) "dbo.s_BusinessDate_Enable"
    ["created_at"]=>
    string(0) ""
    ["updated_at"]=>
    string(0) ""
  }
  [90]=>
  object(Showcase\Models\Chapter)#1700 (9) {
    ["migration"]=>
    string(7) "Chapter"
    ["idDetails":protected]=>
    array(1) {
      ["name"]=>
      string(2) "id"
    }
    ["db":protected]=>
    NULL
    ["variables"]=>
    array(0) {
    }
    ["id"]=>
    string(0) ""
    ["text"]=>
    string(63) "Where [Type] = 'Cube' and [Name] = 'ProcessType' and Active = 1"
    ["section_title"]=>
    string(25) "dbo.s_BusinessDate_Enable"
    ["created_at"]=>
    string(0) ""
    ["updated_at"]=>
    string(0) ""
  }
  [91]=>
  object(Showcase\Models\Chapter)#1701 (9) {
    ["migration"]=>
    string(7) "Chapter"
    ["idDetails":protected]=>
    array(1) {
      ["name"]=>
      string(2) "id"
    }
    ["db":protected]=>
    NULL
    ["variables"]=>
    array(0) {
    }
    ["id"]=>
    string(0) ""
    ["text"]=>
    string(71) "SELECT case when @CubeProcessType is null or @CubeProcessType = '' Then"
    ["section_title"]=>
    string(25) "dbo.s_BusinessDate_Enable"
    ["created_at"]=>
    string(0) ""
    ["updated_at"]=>
    string(0) ""
  }
  [92]=>
  object(Showcase\Models\Chapter)#1702 (9) {
    ["migration"]=>
    string(7) "Chapter"
    ["idDetails":protected]=>
    array(1) {
      ["name"]=>
      string(2) "id"
    }
    ["db":protected]=>
    NULL
    ["variables"]=>
    array(0) {
    }
    ["id"]=>
    string(0) ""
    ["text"]=>
    string(16) "'NoProcess' Else"
    ["section_title"]=>
    string(25) "dbo.s_BusinessDate_Enable"
    ["created_at"]=>
    string(0) ""
    ["updated_at"]=>
    string(0) ""
  }
  [93]=>
  object(Showcase\Models\Chapter)#1703 (9) {
    ["migration"]=>
    string(7) "Chapter"
    ["idDetails":protected]=>
    array(1) {
      ["name"]=>
      string(2) "id"
    }
    ["db":protected]=>
    NULL
    ["variables"]=>
    array(0) {
    }
    ["id"]=>
    string(0) ""
    ["text"]=>
    string(11) "[Value] End"
    ["section_title"]=>
    string(25) "dbo.s_BusinessDate_Enable"
    ["created_at"]=>
    string(0) ""
    ["updated_at"]=>
    string(0) ""
  }
  [94]=>
  object(Showcase\Models\Chapter)#1704 (9) {
    ["migration"]=>
    string(7) "Chapter"
    ["idDetails":protected]=>
    array(1) {
      ["name"]=>
      string(2) "id"
    }
    ["db":protected]=>
    NULL
    ["variables"]=>
    array(0) {
    }
    ["id"]=>
    string(0) ""
    ["text"]=>
    string(51) "FROM [InsightWarehouse].[dbo].[DimSystemParameters]"
    ["section_title"]=>
    string(25) "dbo.s_BusinessDate_Enable"
    ["created_at"]=>
    string(0) ""
    ["updated_at"]=>
    string(0) ""
  }
  [95]=>
  object(Showcase\Models\Chapter)#1705 (9) {
    ["migration"]=>
    string(7) "Chapter"
    ["idDetails":protected]=>
    array(1) {
      ["name"]=>
      string(2) "id"
    }
    ["db":protected]=>
    NULL
    ["variables"]=>
    array(0) {
    }
    ["id"]=>
    string(0) ""
    ["text"]=>
    string(63) "Where [Type] = 'Cube' and [Name] = 'ProcessType' and Active = 1"
    ["section_title"]=>
    string(25) "dbo.s_BusinessDate_Enable"
    ["created_at"]=>
    string(0) ""
    ["updated_at"]=>
    string(0) ""
  }
  [96]=>
  object(Showcase\Models\Chapter)#1706 (9) {
    ["migration"]=>
    string(7) "Chapter"
    ["idDetails":protected]=>
    array(1) {
      ["name"]=>
      string(2) "id"
    }
    ["db":protected]=>
    NULL
    ["variables"]=>
    array(0) {
    }
    ["id"]=>
    string(0) ""
    ["text"]=>
    string(24) "--Print @CubeProcessType"
    ["section_title"]=>
    string(25) "dbo.s_BusinessDate_Enable"
    ["created_at"]=>
    string(0) ""
    ["updated_at"]=>
    string(0) ""
  }
  [97]=>
  object(Showcase\Models\Chapter)#1707 (9) {
    ["migration"]=>
    string(7) "Chapter"
    ["idDetails":protected]=>
    array(1) {
      ["name"]=>
      string(2) "id"
    }
    ["db":protected]=>
    NULL
    ["variables"]=>
    array(0) {
    }
    ["id"]=>
    string(0) ""
    ["text"]=>
    string(21) "--Print @BusinessDate"
    ["section_title"]=>
    string(25) "dbo.s_BusinessDate_Enable"
    ["created_at"]=>
    string(0) ""
    ["updated_at"]=>
    string(0) ""
  }
  [98]=>
  object(Showcase\Models\Chapter)#1708 (9) {
    ["migration"]=>
    string(7) "Chapter"
    ["idDetails":protected]=>
    array(1) {
      ["name"]=>
      string(2) "id"
    }
    ["db":protected]=>
    NULL
    ["variables"]=>
    array(0) {
    }
    ["id"]=>
    string(0) ""
    ["text"]=>
    string(9) "--Testing"
    ["section_title"]=>
    string(25) "dbo.s_BusinessDate_Enable"
    ["created_at"]=>
    string(0) ""
    ["updated_at"]=>
    string(0) ""
  }
  [99]=>
  object(Showcase\Models\Chapter)#1709 (9) {
    ["migration"]=>
    string(7) "Chapter"
    ["idDetails":protected]=>
    array(1) {
      ["name"]=>
      string(2) "id"
    }
    ["db":protected]=>
    NULL
    ["variables"]=>
    array(0) {
    }
    ["id"]=>
    string(0) ""
    ["text"]=>
    string(38) "--Set @CubeProcessType = 'ProcessFull'"
    ["section_title"]=>
    string(25) "dbo.s_BusinessDate_Enable"
    ["created_at"]=>
    string(0) ""
    ["updated_at"]=>
    string(0) ""
  }
  [100]=>
  object(Showcase\Models\Chapter)#1710 (9) {
    ["migration"]=>
    string(7) "Chapter"
    ["idDetails":protected]=>
    array(1) {
      ["name"]=>
      string(2) "id"
    }
    ["db":protected]=>
    NULL
    ["variables"]=>
    array(0) {
    }
    ["id"]=>
    string(0) ""
    ["text"]=>
    string(36) "--Set @CubeProcessType = 'NoProcess'"
    ["section_title"]=>
    string(25) "dbo.s_BusinessDate_Enable"
    ["created_at"]=>
    string(0) ""
    ["updated_at"]=>
    string(0) ""
  }
  [101]=>
  object(Showcase\Models\Chapter)#1711 (9) {
    ["migration"]=>
    string(7) "Chapter"
    ["idDetails":protected]=>
    array(1) {
      ["name"]=>
      string(2) "id"
    }
    ["db":protected]=>
    NULL
    ["variables"]=>
    array(0) {
    }
    ["id"]=>
    string(0) ""
    ["text"]=>
    string(40) "----------------------------------------"
    ["section_title"]=>
    string(25) "dbo.s_BusinessDate_Enable"
    ["created_at"]=>
    string(0) ""
    ["updated_at"]=>
    string(0) ""
  }
  [102]=>
  object(Showcase\Models\Chapter)#1712 (9) {
    ["migration"]=>
    string(7) "Chapter"
    ["idDetails":protected]=>
    array(1) {
      ["name"]=>
      string(2) "id"
    }
    ["db":protected]=>
    NULL
    ["variables"]=>
    array(0) {
    }
    ["id"]=>
    string(0) ""
    ["text"]=>
    string(42) "If @CubeProcessType = 'ProcessByPartition'"
    ["section_title"]=>
    string(25) "dbo.s_BusinessDate_Enable"
    ["created_at"]=>
    string(0) ""
    ["updated_at"]=>
    string(0) ""
  }
  [103]=>
  object(Showcase\Models\Chapter)#1713 (9) {
    ["migration"]=>
    string(7) "Chapter"
    ["idDetails":protected]=>
    array(1) {
      ["name"]=>
      string(2) "id"
    }
    ["db":protected]=>
    NULL
    ["variables"]=>
    array(0) {
    }
    ["id"]=>
    string(0) ""
    ["text"]=>
    string(5) "BEGIN"
    ["section_title"]=>
    string(25) "dbo.s_BusinessDate_Enable"
    ["created_at"]=>
    string(0) ""
    ["updated_at"]=>
    string(0) ""
  }
  [104]=>
  object(Showcase\Models\Chapter)#1714 (9) {
    ["migration"]=>
    string(7) "Chapter"
    ["idDetails":protected]=>
    array(1) {
      ["name"]=>
      string(2) "id"
    }
    ["db":protected]=>
    NULL
    ["variables"]=>
    array(0) {
    }
    ["id"]=>
    string(0) ""
    ["text"]=>
    string(28) "Print 'Process by Partition'"
    ["section_title"]=>
    string(25) "dbo.s_BusinessDate_Enable"
    ["created_at"]=>
    string(0) ""
    ["updated_at"]=>
    string(0) ""
  }
  [105]=>
  object(Showcase\Models\Chapter)#1715 (9) {
    ["migration"]=>
    string(7) "Chapter"
    ["idDetails":protected]=>
    array(1) {
      ["name"]=>
      string(2) "id"
    }
    ["db":protected]=>
    NULL
    ["variables"]=>
    array(0) {
    }
    ["id"]=>
    string(0) ""
    ["text"]=>
    string(109) "EXEC msdb..sp_start_job @job_name= 'Process Insight Cubes - By Partition', @step_name = 'Update Process Date'"
    ["section_title"]=>
    string(25) "dbo.s_BusinessDate_Enable"
    ["created_at"]=>
    string(0) ""
    ["updated_at"]=>
    string(0) ""
  }
  [106]=>
  object(Showcase\Models\Chapter)#1716 (9) {
    ["migration"]=>
    string(7) "Chapter"
    ["idDetails":protected]=>
    array(1) {
      ["name"]=>
      string(2) "id"
    }
    ["db":protected]=>
    NULL
    ["variables"]=>
    array(0) {
    }
    ["id"]=>
    string(0) ""
    ["text"]=>
    string(3) "END"
    ["section_title"]=>
    string(25) "dbo.s_BusinessDate_Enable"
    ["created_at"]=>
    string(0) ""
    ["updated_at"]=>
    string(0) ""
  }
  [107]=>
  object(Showcase\Models\Chapter)#1717 (9) {
    ["migration"]=>
    string(7) "Chapter"
    ["idDetails":protected]=>
    array(1) {
      ["name"]=>
      string(2) "id"
    }
    ["db":protected]=>
    NULL
    ["variables"]=>
    array(0) {
    }
    ["id"]=>
    string(0) ""
    ["text"]=>
    string(35) "-----------------------------------"
    ["section_title"]=>
    string(25) "dbo.s_BusinessDate_Enable"
    ["created_at"]=>
    string(0) ""
    ["updated_at"]=>
    string(0) ""
  }
  [108]=>
  object(Showcase\Models\Chapter)#1718 (9) {
    ["migration"]=>
    string(7) "Chapter"
    ["idDetails":protected]=>
    array(1) {
      ["name"]=>
      string(2) "id"
    }
    ["db":protected]=>
    NULL
    ["variables"]=>
    array(0) {
    }
    ["id"]=>
    string(0) ""
    ["text"]=>
    string(35) "If @CubeProcessType = 'ProcessFull'"
    ["section_title"]=>
    string(25) "dbo.s_BusinessDate_Enable"
    ["created_at"]=>
    string(0) ""
    ["updated_at"]=>
    string(0) ""
  }
  [109]=>
  object(Showcase\Models\Chapter)#1719 (9) {
    ["migration"]=>
    string(7) "Chapter"
    ["idDetails":protected]=>
    array(1) {
      ["name"]=>
      string(2) "id"
    }
    ["db":protected]=>
    NULL
    ["variables"]=>
    array(0) {
    }
    ["id"]=>
    string(0) ""
    ["text"]=>
    string(5) "BEGIN"
    ["section_title"]=>
    string(25) "dbo.s_BusinessDate_Enable"
    ["created_at"]=>
    string(0) ""
    ["updated_at"]=>
    string(0) ""
  }
  [110]=>
  object(Showcase\Models\Chapter)#1720 (9) {
    ["migration"]=>
    string(7) "Chapter"
    ["idDetails":protected]=>
    array(1) {
      ["name"]=>
      string(2) "id"
    }
    ["db":protected]=>
    NULL
    ["variables"]=>
    array(0) {
    }
    ["id"]=>
    string(0) ""
    ["text"]=>
    string(20) "Print 'Process full'"
    ["section_title"]=>
    string(25) "dbo.s_BusinessDate_Enable"
    ["created_at"]=>
    string(0) ""
    ["updated_at"]=>
    string(0) ""
  }
  [111]=>
  object(Showcase\Models\Chapter)#1721 (9) {
    ["migration"]=>
    string(7) "Chapter"
    ["idDetails":protected]=>
    array(1) {
      ["name"]=>
      string(2) "id"
    }
    ["db":protected]=>
    NULL
    ["variables"]=>
    array(0) {
    }
    ["id"]=>
    string(0) ""
    ["text"]=>
    string(102) "EXEC msdb..sp_start_job @job_name= 'Process Insight Cubes - By Partition', @step_name = 'Full Process'"
    ["section_title"]=>
    string(25) "dbo.s_BusinessDate_Enable"
    ["created_at"]=>
    string(0) ""
    ["updated_at"]=>
    string(0) ""
  }
  [112]=>
  object(Showcase\Models\Chapter)#1722 (9) {
    ["migration"]=>
    string(7) "Chapter"
    ["idDetails":protected]=>
    array(1) {
      ["name"]=>
      string(2) "id"
    }
    ["db":protected]=>
    NULL
    ["variables"]=>
    array(0) {
    }
    ["id"]=>
    string(0) ""
    ["text"]=>
    string(3) "END"
    ["section_title"]=>
    string(25) "dbo.s_BusinessDate_Enable"
    ["created_at"]=>
    string(0) ""
    ["updated_at"]=>
    string(0) ""
  }
  [113]=>
  object(Showcase\Models\Chapter)#1723 (9) {
    ["migration"]=>
    string(7) "Chapter"
    ["idDetails":protected]=>
    array(1) {
      ["name"]=>
      string(2) "id"
    }
    ["db":protected]=>
    NULL
    ["variables"]=>
    array(0) {
    }
    ["id"]=>
    string(0) ""
    ["text"]=>
    string(35) "-----------------------------------"
    ["section_title"]=>
    string(25) "dbo.s_BusinessDate_Enable"
    ["created_at"]=>
    string(0) ""
    ["updated_at"]=>
    string(0) ""
  }
  [114]=>
  object(Showcase\Models\Chapter)#1724 (9) {
    ["migration"]=>
    string(7) "Chapter"
    ["idDetails":protected]=>
    array(1) {
      ["name"]=>
      string(2) "id"
    }
    ["db":protected]=>
    NULL
    ["variables"]=>
    array(0) {
    }
    ["id"]=>
    string(0) ""
    ["text"]=>
    string(33) "If @CubeProcessType = 'NoProcess'"
    ["section_title"]=>
    string(25) "dbo.s_BusinessDate_Enable"
    ["created_at"]=>
    string(0) ""
    ["updated_at"]=>
    string(0) ""
  }
  [115]=>
  object(Showcase\Models\Chapter)#1725 (9) {
    ["migration"]=>
    string(7) "Chapter"
    ["idDetails":protected]=>
    array(1) {
      ["name"]=>
      string(2) "id"
    }
    ["db":protected]=>
    NULL
    ["variables"]=>
    array(0) {
    }
    ["id"]=>
    string(0) ""
    ["text"]=>
    string(5) "BEGIN"
    ["section_title"]=>
    string(25) "dbo.s_BusinessDate_Enable"
    ["created_at"]=>
    string(0) ""
    ["updated_at"]=>
    string(0) ""
  }
  [116]=>
  object(Showcase\Models\Chapter)#1726 (9) {
    ["migration"]=>
    string(7) "Chapter"
    ["idDetails":protected]=>
    array(1) {
      ["name"]=>
      string(2) "id"
    }
    ["db":protected]=>
    NULL
    ["variables"]=>
    array(0) {
    }
    ["id"]=>
    string(0) ""
    ["text"]=>
    string(18) "Print 'No Process'"
    ["section_title"]=>
    string(25) "dbo.s_BusinessDate_Enable"
    ["created_at"]=>
    string(0) ""
    ["updated_at"]=>
    string(0) ""
  }
  [117]=>
  object(Showcase\Models\Chapter)#1727 (9) {
    ["migration"]=>
    string(7) "Chapter"
    ["idDetails":protected]=>
    array(1) {
      ["name"]=>
      string(2) "id"
    }
    ["db":protected]=>
    NULL
    ["variables"]=>
    array(0) {
    }
    ["id"]=>
    string(0) ""
    ["text"]=>
    string(3) "END"
    ["section_title"]=>
    string(25) "dbo.s_BusinessDate_Enable"
    ["created_at"]=>
    string(0) ""
    ["updated_at"]=>
    string(0) ""
  }
  [118]=>
  object(Showcase\Models\Chapter)#1728 (9) {
    ["migration"]=>
    string(7) "Chapter"
    ["idDetails":protected]=>
    array(1) {
      ["name"]=>
      string(2) "id"
    }
    ["db":protected]=>
    NULL
    ["variables"]=>
    array(0) {
    }
    ["id"]=>
    string(0) ""
    ["text"]=>
    string(133) "Agent jobs can be scheduled. Double Click on the Agent Job record in SQL&#160;Server Management Studio and select Schedules to do so."
    ["section_title"]=>
    string(25) "dbo.s_BusinessDate_Enable"
    ["created_at"]=>
    string(0) ""
    ["updated_at"]=>
    string(0) ""
  }
  [119]=>
  object(Showcase\Models\Chapter)#1729 (9) {
    ["migration"]=>
    string(7) "Chapter"
    ["idDetails":protected]=>
    array(1) {
      ["name"]=>
      string(2) "id"
    }
    ["db":protected]=>
    NULL
    ["variables"]=>
    array(0) {
    }
    ["id"]=>
    string(0) ""
    ["text"]=>
    string(194) "The log file viewer can be used to view the history of job runs. In SQL Server Management Studio, right click on Jobs under SQL Server Agent, select “View History” from the right click menu."
    ["section_title"]=>
    string(25) "dbo.s_BusinessDate_Enable"
    ["created_at"]=>
    string(0) ""
    ["updated_at"]=>
    string(0) ""
  }
  [120]=>
  object(Showcase\Models\Chapter)#1693 (9) {
    ["migration"]=>
    string(7) "Chapter"
    ["idDetails":protected]=>
    array(1) {
      ["name"]=>
      string(2) "id"
    }
    ["db":protected]=>
    NULL
    ["variables"]=>
    array(0) {
    }
    ["id"]=>
    string(0) ""
    ["text"]=>
    string(50) "                                                  "
    ["section_title"]=>
    string(25) "dbo.s_BusinessDate_Enable"
    ["created_at"]=>
    string(0) ""
    ["updated_at"]=>
    string(0) ""
  }
}

